<?xml version="1.0" encoding="UTF-8"?>
<!-- Generated by org.testng.reporters.JUnitXMLReporter -->
<testsuite hostname="DESKTOP-L3RQ4M2" ignored="0" name="Test" tests="33" failures="3" timestamp="28 Jan 2021 14:56:32 GMT" time="645.388" errors="0">
  <testcase name="testGlossaryPage" time="9.155" classname="com.nicor.tests.TC_02_005"/>
  <testcase name="testGlossaryPage" time="4.652" classname="com.nicor.tests.TC_02_004"/>
  <testcase name="testGlossaryPage" time="6.34" classname="com.nicor.tests.TC_02_026"/>
  <testcase name="testGlossaryPage" time="13.206" classname="com.nicor.tests.TC_02_007"/>
  <testcase name="testGlossaryPage" time="4.635" classname="com.nicor.tests.TC_02_006"/>
  <testcase name="testAboutNicorPage" time="2.366" classname="com.nicor.tests.TC_02_001"/>
  <testcase name="testGlossaryPage" time="4.418" classname="com.nicor.tests.TC_02_023"/>
  <testcase name="testGlossaryPage" time="4.287" classname="com.nicor.tests.TC_02_022"/>
  <testcase name="testGlossaryPage" time="5.435" classname="com.nicor.tests.TC_02_003"/>
  <testcase name="testGlossaryPage" time="4.237" classname="com.nicor.tests.TC_02_025"/>
  <testcase name="testGlossaryPage" time="10.883" classname="com.nicor.tests.TC_02_002"/>
  <testcase name="testGlossaryPage" time="4.517" classname="com.nicor.tests.TC_02_024"/>
  <testcase name="testGlossaryPage" time="5.361" classname="com.nicor.tests.TC_02_021"/>
  <testcase name="testGlossaryPage" time="11.135" classname="com.nicor.tests.TC_02_020"/>
  <testcase name="testGlossaryPage" time="4.609" classname="com.nicor.tests.TC_02_009"/>
  <testcase name="testGlossaryPage" time="4.188" classname="com.nicor.tests.TC_02_008"/>
  <testcase name="testGlossaryPage" time="3.746" classname="com.nicor.tests.TC_02_016"/>
  <testcase name="testGlossaryPage" time="4.324" classname="com.nicor.tests.TC_02_015"/>
  <testcase name="testGlossaryPage" time="4.441" classname="com.nicor.tests.TC_02_018"/>
  <testcase name="testGlossaryPage" time="4.601" classname="com.nicor.tests.TC_02_017"/>
  <testcase name="testGlossaryPage" time="11.247" classname="com.nicor.tests.TC_02_012"/>
  <testcase name="testGlossaryPage" time="7.75" classname="com.nicor.tests.TC_02_011"/>
  <testcase name="testGlossaryPage" time="6.874" classname="com.nicor.tests.TC_02_014"/>
  <testcase name="testGlossaryPage" time="5.847" classname="com.nicor.tests.TC_02_013"/>
  <testcase name="testGlossaryPage" time="4.752" classname="com.nicor.tests.TC_02_010"/>
  <testcase name="testresearchersPage" time="12.608" classname="com.nicor.tests.TC_01_007">
    <failure type="java.lang.AssertionError">
      <![CDATA[java.lang.AssertionError
at org.junit.Assert.fail(Assert.java:86)
at org.junit.Assert.fail(Assert.java:95)
at com.nicor.generic.BasePage.verifyTitle(BasePage.java:38)
at com.nicor.tests.TC_01_007.testresearchersPage(TC_01_007.java:35)
... Removed 25 stack frames]]>
    </failure>
  </testcase> <!-- testresearchersPage -->
  <testcase name="testresearchersPage" time="3.471" classname="com.nicor.tests.TC_01_006"/>
  <testcase name="testresearchersPage" time="10.114" classname="com.nicor.tests.TC_01_005">
    <failure type="org.openqa.selenium.NoSuchElementException" message="no such element: Unable to locate element: {&amp;quot;method&amp;quot;:&amp;quot;xpath&amp;quot;,&amp;quot;selector&amp;quot;:&amp;quot;//span[contains(text(),&amp;apos;Organisations&amp;apos;)]&amp;quot;}
  (Session info: chrome=88.0.4324.104)
  (Driver info: chromedriver=2.29.461591 (62ebf098771772160f391d75e589dc567915b233),platform=Windows NT 10.0.10586 x86_64) (WARNING: The server did not provide any stacktrace information)
Command duration or timeout: 0 milliseconds
For documentation on this error, please visit: http://seleniumhq.org/exceptions/no_such_element.html
Build info: version: &amp;apos;3.8.1&amp;apos;, revision: &amp;apos;6e95a6684b&amp;apos;, time: &amp;apos;2017-12-01T19:05:32.194Z&amp;apos;
System info: host: &amp;apos;DESKTOP-L3RQ4M2&amp;apos;, ip: &amp;apos;192.168.43.153&amp;apos;, os.name: &amp;apos;Windows 10&amp;apos;, os.arch: &amp;apos;amd64&amp;apos;, os.version: &amp;apos;10.0&amp;apos;, java.version: &amp;apos;1.8.0_271&amp;apos;
Driver info: org.openqa.selenium.chrome.ChromeDriver
Capabilities {acceptSslCerts: true, applicationCacheEnabled: false, browserConnectionEnabled: false, browserName: chrome, chrome: {chromedriverVersion: 2.29.461591 (62ebf098771772..., userDataDir: C:\Users\Admin\AppData\Loca...}, cssSelectorsEnabled: true, databaseEnabled: false, handlesAlerts: true, hasTouchScreen: false, javascriptEnabled: true, locationContextEnabled: true, mobileEmulationEnabled: false, nativeEvents: true, networkConnectionEnabled: false, pageLoadStrategy: normal, platform: XP, platformName: XP, rotatable: false, takesHeapSnapshot: true, takesScreenshot: true, unexpectedAlertBehaviour: , unhandledPromptBehavior: , version: 88.0.4324.104, webStorageEnabled: true}
Session ID: 2e3be7c704e947f6d2c972ada050420a
*** Element info: {Using=xpath, value=//span[contains(text(),&amp;apos;Organisations&amp;apos;)]}">
      <![CDATA[org.openqa.selenium.NoSuchElementException: no such element: Unable to locate element: {"method":"xpath","selector":"//span[contains(text(),'Organisations')]"}
  (Session info: chrome=88.0.4324.104)
  (Driver info: chromedriver=2.29.461591 (62ebf098771772160f391d75e589dc567915b233),platform=Windows NT 10.0.10586 x86_64) (WARNING: The server did not provide any stacktrace information)
Command duration or timeout: 0 milliseconds
For documentation on this error, please visit: http://seleniumhq.org/exceptions/no_such_element.html
Build info: version: '3.8.1', revision: '6e95a6684b', time: '2017-12-01T19:05:32.194Z'
System info: host: 'DESKTOP-L3RQ4M2', ip: '192.168.43.153', os.name: 'Windows 10', os.arch: 'amd64', os.version: '10.0', java.version: '1.8.0_271'
Driver info: org.openqa.selenium.chrome.ChromeDriver
Capabilities {acceptSslCerts: true, applicationCacheEnabled: false, browserConnectionEnabled: false, browserName: chrome, chrome: {chromedriverVersion: 2.29.461591 (62ebf098771772..., userDataDir: C:\Users\Admin\AppData\Loca...}, cssSelectorsEnabled: true, databaseEnabled: false, handlesAlerts: true, hasTouchScreen: false, javascriptEnabled: true, locationContextEnabled: true, mobileEmulationEnabled: false, nativeEvents: true, networkConnectionEnabled: false, pageLoadStrategy: normal, platform: XP, platformName: XP, rotatable: false, takesHeapSnapshot: true, takesScreenshot: true, unexpectedAlertBehaviour: , unhandledPromptBehavior: , version: 88.0.4324.104, webStorageEnabled: true}
Session ID: 2e3be7c704e947f6d2c972ada050420a
*** Element info: {Using=xpath, value=//span[contains(text(),'Organisations')]}
at org.openqa.selenium.remote.ErrorHandler.createThrowable(ErrorHandler.java:214)
at org.openqa.selenium.remote.ErrorHandler.throwIfResponseFailed(ErrorHandler.java:166)
at org.openqa.selenium.remote.http.JsonHttpResponseCodec.reconstructValue(JsonHttpResponseCodec.java:40)
at org.openqa.selenium.remote.http.AbstractHttpResponseCodec.decode(AbstractHttpResponseCodec.java:80)
at org.openqa.selenium.remote.http.AbstractHttpResponseCodec.decode(AbstractHttpResponseCodec.java:44)
at org.openqa.selenium.remote.HttpCommandExecutor.execute(HttpCommandExecutor.java:164)
at org.openqa.selenium.remote.service.DriverCommandExecutor.execute(DriverCommandExecutor.java:83)
at org.openqa.selenium.remote.RemoteWebDriver.execute(RemoteWebDriver.java:601)
at org.openqa.selenium.remote.RemoteWebDriver.findElement(RemoteWebDriver.java:371)
at org.openqa.selenium.remote.RemoteWebDriver.findElementByXPath(RemoteWebDriver.java:473)
at org.openqa.selenium.By$ByXPath.findElement(By.java:361)
at org.openqa.selenium.remote.RemoteWebDriver.findElement(RemoteWebDriver.java:363)
at org.openqa.selenium.support.pagefactory.DefaultElementLocator.findElement(DefaultElementLocator.java:69)
at org.openqa.selenium.support.pagefactory.internal.LocatingElementHandler.invoke(LocatingElementHandler.java:38)
at com.sun.proxy.$Proxy9.click(Unknown Source)
at com.nicor.pages.NicorHome.clickOnOrganisationsLink(NicorHome.java:184)
at com.nicor.tests.TC_01_005.testresearchersPage(TC_01_005.java:26)
... Removed 29 stack frames]]>
    </failure>
  </testcase> <!-- testresearchersPage -->
  <testcase name="testresearchersPage" time="2.706" classname="com.nicor.tests.TC_01_004"/>
  <testcase name="testresearchersPage" time="2.747" classname="com.nicor.tests.TC_01_003"/>
  <testcase name="testHospitalsPage" time="2.231" classname="com.nicor.tests.TC_01_002"/>
  <testcase name="testHomePage" time="30.465" classname="com.nicor.tests.TC_01_001">
    <failure type="org.openqa.selenium.NoSuchElementException" message="no such element: Unable to locate element: {&amp;quot;method&amp;quot;:&amp;quot;xpath&amp;quot;,&amp;quot;selector&amp;quot;:&amp;quot;//span[contains(text(),&amp;apos;Organisations&amp;apos;)]&amp;quot;}
  (Session info: chrome=88.0.4324.104)
  (Driver info: chromedriver=2.29.461591 (62ebf098771772160f391d75e589dc567915b233),platform=Windows NT 10.0.10586 x86_64) (WARNING: The server did not provide any stacktrace information)
Command duration or timeout: 0 milliseconds
For documentation on this error, please visit: http://seleniumhq.org/exceptions/no_such_element.html
Build info: version: &amp;apos;3.8.1&amp;apos;, revision: &amp;apos;6e95a6684b&amp;apos;, time: &amp;apos;2017-12-01T19:05:32.194Z&amp;apos;
System info: host: &amp;apos;DESKTOP-L3RQ4M2&amp;apos;, ip: &amp;apos;192.168.43.153&amp;apos;, os.name: &amp;apos;Windows 10&amp;apos;, os.arch: &amp;apos;amd64&amp;apos;, os.version: &amp;apos;10.0&amp;apos;, java.version: &amp;apos;1.8.0_271&amp;apos;
Driver info: org.openqa.selenium.chrome.ChromeDriver
Capabilities {acceptSslCerts: true, applicationCacheEnabled: false, browserConnectionEnabled: false, browserName: chrome, chrome: {chromedriverVersion: 2.29.461591 (62ebf098771772..., userDataDir: C:\Users\Admin\AppData\Loca...}, cssSelectorsEnabled: true, databaseEnabled: false, handlesAlerts: true, hasTouchScreen: false, javascriptEnabled: true, locationContextEnabled: true, mobileEmulationEnabled: false, nativeEvents: true, networkConnectionEnabled: false, pageLoadStrategy: normal, platform: XP, platformName: XP, rotatable: false, takesHeapSnapshot: true, takesScreenshot: true, unexpectedAlertBehaviour: , unhandledPromptBehavior: , version: 88.0.4324.104, webStorageEnabled: true}
Session ID: 9881b81df1f9f842d880c620ee5ee738
*** Element info: {Using=xpath, value=//span[contains(text(),&amp;apos;Organisations&amp;apos;)]}">
      <![CDATA[org.openqa.selenium.NoSuchElementException: no such element: Unable to locate element: {"method":"xpath","selector":"//span[contains(text(),'Organisations')]"}
  (Session info: chrome=88.0.4324.104)
  (Driver info: chromedriver=2.29.461591 (62ebf098771772160f391d75e589dc567915b233),platform=Windows NT 10.0.10586 x86_64) (WARNING: The server did not provide any stacktrace information)
Command duration or timeout: 0 milliseconds
For documentation on this error, please visit: http://seleniumhq.org/exceptions/no_such_element.html
Build info: version: '3.8.1', revision: '6e95a6684b', time: '2017-12-01T19:05:32.194Z'
System info: host: 'DESKTOP-L3RQ4M2', ip: '192.168.43.153', os.name: 'Windows 10', os.arch: 'amd64', os.version: '10.0', java.version: '1.8.0_271'
Driver info: org.openqa.selenium.chrome.ChromeDriver
Capabilities {acceptSslCerts: true, applicationCacheEnabled: false, browserConnectionEnabled: false, browserName: chrome, chrome: {chromedriverVersion: 2.29.461591 (62ebf098771772..., userDataDir: C:\Users\Admin\AppData\Loca...}, cssSelectorsEnabled: true, databaseEnabled: false, handlesAlerts: true, hasTouchScreen: false, javascriptEnabled: true, locationContextEnabled: true, mobileEmulationEnabled: false, nativeEvents: true, networkConnectionEnabled: false, pageLoadStrategy: normal, platform: XP, platformName: XP, rotatable: false, takesHeapSnapshot: true, takesScreenshot: true, unexpectedAlertBehaviour: , unhandledPromptBehavior: , version: 88.0.4324.104, webStorageEnabled: true}
Session ID: 9881b81df1f9f842d880c620ee5ee738
*** Element info: {Using=xpath, value=//span[contains(text(),'Organisations')]}
at org.openqa.selenium.remote.ErrorHandler.createThrowable(ErrorHandler.java:214)
at org.openqa.selenium.remote.ErrorHandler.throwIfResponseFailed(ErrorHandler.java:166)
at org.openqa.selenium.remote.http.JsonHttpResponseCodec.reconstructValue(JsonHttpResponseCodec.java:40)
at org.openqa.selenium.remote.http.AbstractHttpResponseCodec.decode(AbstractHttpResponseCodec.java:80)
at org.openqa.selenium.remote.http.AbstractHttpResponseCodec.decode(AbstractHttpResponseCodec.java:44)
at org.openqa.selenium.remote.HttpCommandExecutor.execute(HttpCommandExecutor.java:164)
at org.openqa.selenium.remote.service.DriverCommandExecutor.execute(DriverCommandExecutor.java:83)
at org.openqa.selenium.remote.RemoteWebDriver.execute(RemoteWebDriver.java:601)
at org.openqa.selenium.remote.RemoteWebDriver.findElement(RemoteWebDriver.java:371)
at org.openqa.selenium.remote.RemoteWebDriver.findElementByXPath(RemoteWebDriver.java:473)
at org.openqa.selenium.By$ByXPath.findElement(By.java:361)
at org.openqa.selenium.remote.RemoteWebDriver.findElement(RemoteWebDriver.java:363)
at org.openqa.selenium.support.pagefactory.DefaultElementLocator.findElement(DefaultElementLocator.java:69)
at org.openqa.selenium.support.pagefactory.internal.LocatingElementHandler.invoke(LocatingElementHandler.java:38)
at com.sun.proxy.$Proxy9.getText(Unknown Source)
at com.nicor.generic.BasePage.verifyElement(BasePage.java:55)
at com.nicor.pages.NicorHome.verifyTheElement(NicorHome.java:161)
at com.nicor.tests.TC_01_001.testHomePage(TC_01_001.java:47)
... Removed 29 stack frames]]>
    </failure>
  </testcase> <!-- testHomePage -->
  <testcase name="testGlossaryPage" time="4.773" classname="com.nicor.tests.TC_02_019"/>
</testsuite> <!-- Test -->
